c:\dev_cbc\coinbrew\cbc\msvisualstudio\v10\x64-v143-release\libcbc.pdb
c:\dev_cbc\coinbrew\cbc\msvisualstudio\v10\libcbc\x64-v143-release\cbceventhandler.obj
c:\dev_cbc\coinbrew\cbc\msvisualstudio\v10\libcbc\x64-v143-release\cbcdummybranchingobject.obj
c:\dev_cbc\coinbrew\cbc\msvisualstudio\v10\libcbc\x64-v143-release\cbccutsubsetmodifier.obj
c:\dev_cbc\coinbrew\cbc\msvisualstudio\v10\libcbc\x64-v143-release\cbccutmodifier.obj
c:\dev_cbc\coinbrew\cbc\msvisualstudio\v10\libcbc\x64-v143-release\cbccutgenerator.obj
c:\dev_cbc\coinbrew\cbc\msvisualstudio\v10\libcbc\x64-v143-release\cbccountrowcut.obj
c:\dev_cbc\coinbrew\cbc\msvisualstudio\v10\libcbc\x64-v143-release\cbcconsequence.obj
c:\dev_cbc\coinbrew\cbc\msvisualstudio\v10\libcbc\x64-v143-release\cbccompareobjective.obj
c:\dev_cbc\coinbrew\cbc\msvisualstudio\v10\libcbc\x64-v143-release\cbccompareestimate.obj
c:\dev_cbc\coinbrew\cbc\msvisualstudio\v10\libcbc\x64-v143-release\cbccomparedepth.obj
c:\dev_cbc\coinbrew\cbc\msvisualstudio\v10\libcbc\x64-v143-release\cbccomparedefault.obj
c:\dev_cbc\coinbrew\cbc\msvisualstudio\v10\libcbc\x64-v143-release\cbcclique.obj
c:\dev_cbc\coinbrew\cbc\msvisualstudio\v10\libcbc\x64-v143-release\cbcbranchtofixlots.obj
c:\dev_cbc\coinbrew\cbc\msvisualstudio\v10\libcbc\x64-v143-release\cbcbranchlotsize.obj
c:\dev_cbc\coinbrew\cbc\msvisualstudio\v10\libcbc\x64-v143-release\cbcbranchingobject.obj
c:\dev_cbc\coinbrew\cbc\msvisualstudio\v10\libcbc\x64-v143-release\cbcbranchdynamic.obj
c:\dev_cbc\coinbrew\cbc\msvisualstudio\v10\libcbc\x64-v143-release\cbcbranchdefaultdecision.obj
c:\dev_cbc\coinbrew\cbc\msvisualstudio\v10\libcbc\x64-v143-release\cbcbranchdecision.obj
c:\dev_cbc\coinbrew\cbc\msvisualstudio\v10\libcbc\x64-v143-release\cbcbranchcut.obj
c:\dev_cbc\coinbrew\cbc\msvisualstudio\v10\libcbc\x64-v143-release\cbcbranchalldifferent.obj
c:\dev_cbc\coinbrew\cbc\msvisualstudio\v10\libcbc\x64-v143-release\cbcheuristiclocal.obj
c:\dev_cbc\coinbrew\cbc\msvisualstudio\v10\libcbc\x64-v143-release\cbcheuristicgreedy.obj
c:\dev_cbc\coinbrew\cbc\msvisualstudio\v10\libcbc\x64-v143-release\cbcheuristicfpump.obj
c:\dev_cbc\coinbrew\cbc\msvisualstudio\v10\libcbc\x64-v143-release\cbcheuristicdw.obj
c:\dev_cbc\coinbrew\cbc\msvisualstudio\v10\libcbc\x64-v143-release\cbcheuristicdivevectorlength.obj
c:\dev_cbc\coinbrew\cbc\msvisualstudio\v10\libcbc\x64-v143-release\cbcheuristicdivepseudocost.obj
c:\dev_cbc\coinbrew\cbc\msvisualstudio\v10\libcbc\x64-v143-release\cbcheuristicdivelinesearch.obj
c:\dev_cbc\coinbrew\cbc\msvisualstudio\v10\libcbc\x64-v143-release\cbcheuristicdiveguided.obj
c:\dev_cbc\coinbrew\cbc\msvisualstudio\v10\libcbc\x64-v143-release\cbcheuristicdivefractional.obj
c:\dev_cbc\coinbrew\cbc\msvisualstudio\v10\libcbc\x64-v143-release\cbcheuristicdivecoefficient.obj
c:\dev_cbc\coinbrew\cbc\msvisualstudio\v10\libcbc\x64-v143-release\cbcheuristicdive.obj
c:\dev_cbc\coinbrew\cbc\msvisualstudio\v10\libcbc\x64-v143-release\cbcheuristicdins.obj
c:\dev_cbc\coinbrew\cbc\msvisualstudio\v10\libcbc\x64-v143-release\cbcheuristic.obj
c:\dev_cbc\coinbrew\cbc\msvisualstudio\v10\libcbc\x64-v143-release\cbcgeneraldepth.obj
c:\dev_cbc\coinbrew\cbc\msvisualstudio\v10\libcbc\x64-v143-release\cbcgeneral.obj
c:\dev_cbc\coinbrew\cbc\msvisualstudio\v10\libcbc\x64-v143-release\cbcfullnodeinfo.obj
c:\dev_cbc\coinbrew\cbc\msvisualstudio\v10\libcbc\x64-v143-release\cbcfollowon.obj
c:\dev_cbc\coinbrew\cbc\msvisualstudio\v10\libcbc\x64-v143-release\cbcfixvariable.obj
c:\dev_cbc\coinbrew\cbc\msvisualstudio\v10\libcbc\x64-v143-release\cbcfathomdynamicprogramming.obj
c:\dev_cbc\coinbrew\cbc\msvisualstudio\v10\libcbc\x64-v143-release\cbcfathom.obj
c:\dev_cbc\coinbrew\cbc\msvisualstudio\v10\libcbc\x64-v143-release\cbcstatistics.obj
c:\dev_cbc\coinbrew\cbc\msvisualstudio\v10\libcbc\x64-v143-release\cbcsos.obj
c:\dev_cbc\coinbrew\cbc\msvisualstudio\v10\libcbc\x64-v143-release\cbcsimpleintegerpseudocost.obj
c:\dev_cbc\coinbrew\cbc\msvisualstudio\v10\libcbc\x64-v143-release\cbcsimpleintegerdynamicpseudocost.obj
c:\dev_cbc\coinbrew\cbc\msvisualstudio\v10\libcbc\x64-v143-release\cbcsimpleinteger.obj
c:\dev_cbc\coinbrew\cbc\msvisualstudio\v10\libcbc\x64-v143-release\cbcpartialnodeinfo.obj
c:\dev_cbc\coinbrew\cbc\msvisualstudio\v10\libcbc\x64-v143-release\cbcparam.obj
c:\dev_cbc\coinbrew\cbc\msvisualstudio\v10\libcbc\x64-v143-release\cbcobjectupdatedata.obj
c:\dev_cbc\coinbrew\cbc\msvisualstudio\v10\libcbc\x64-v143-release\cbcobject.obj
c:\dev_cbc\coinbrew\cbc\msvisualstudio\v10\libcbc\x64-v143-release\cbcnway.obj
c:\dev_cbc\coinbrew\cbc\msvisualstudio\v10\libcbc\x64-v143-release\cbcnodeinfo.obj
c:\dev_cbc\coinbrew\cbc\msvisualstudio\v10\libcbc\x64-v143-release\cbcnode.obj
c:\dev_cbc\coinbrew\cbc\msvisualstudio\v10\libcbc\x64-v143-release\cbcmodel.obj
c:\dev_cbc\coinbrew\cbc\msvisualstudio\v10\libcbc\x64-v143-release\cbcmipstartio.obj
c:\dev_cbc\coinbrew\cbc\msvisualstudio\v10\libcbc\x64-v143-release\cbcmessage.obj
c:\dev_cbc\coinbrew\cbc\msvisualstudio\v10\libcbc\x64-v143-release\cbcheuristicvnd.obj
c:\dev_cbc\coinbrew\cbc\msvisualstudio\v10\libcbc\x64-v143-release\cbcheuristicrins.obj
c:\dev_cbc\coinbrew\cbc\msvisualstudio\v10\libcbc\x64-v143-release\cbcheuristicrens.obj
c:\dev_cbc\coinbrew\cbc\msvisualstudio\v10\libcbc\x64-v143-release\cbcheuristicrandround.obj
c:\dev_cbc\coinbrew\cbc\msvisualstudio\v10\libcbc\x64-v143-release\cbcheuristicpivotandfix.obj
c:\dev_cbc\coinbrew\cbc\msvisualstudio\v10\libcbc\x64-v143-release\cbctreelocal.obj
c:\dev_cbc\coinbrew\cbc\msvisualstudio\v10\libcbc\x64-v143-release\cbctree.obj
c:\dev_cbc\coinbrew\cbc\msvisualstudio\v10\libcbc\x64-v143-release\cbcthread.obj
c:\dev_cbc\coinbrew\cbc\msvisualstudio\v10\libcbc\x64-v143-release\cbcsubproblem.obj
c:\dev_cbc\coinbrew\cbc\msvisualstudio\v10\libcbc\x64-v143-release\cbcstrategy.obj
c:\dev_cbc\coinbrew\cbc\msvisualstudio\v10\x64-v143-release\libcbc.lib
c:\dev_cbc\coinbrew\cbc\msvisualstudio\v10\libcbc\x64-v143-release\libcbc.tlog\cl.command.1.tlog
c:\dev_cbc\coinbrew\cbc\msvisualstudio\v10\libcbc\x64-v143-release\libcbc.tlog\cl.items.tlog
c:\dev_cbc\coinbrew\cbc\msvisualstudio\v10\libcbc\x64-v143-release\libcbc.tlog\cl.read.1.tlog
c:\dev_cbc\coinbrew\cbc\msvisualstudio\v10\libcbc\x64-v143-release\libcbc.tlog\cl.write.1.tlog
c:\dev_cbc\coinbrew\cbc\msvisualstudio\v10\libcbc\x64-v143-release\libcbc.tlog\lib-link.read.1.tlog
c:\dev_cbc\coinbrew\cbc\msvisualstudio\v10\libcbc\x64-v143-release\libcbc.tlog\lib-link.write.1.tlog
c:\dev_cbc\coinbrew\cbc\msvisualstudio\v10\libcbc\x64-v143-release\libcbc.tlog\lib.command.1.tlog
